#
# A fatal error has been detected by the Java Runtime Environment:
#
#  EXCEPTION_ACCESS_VIOLATION (0xc0000005) at pc=0x00007ffff8b0cae5, pid=14772, tid=7828
#
# JRE version: OpenJDK Runtime Environment (20.0+36) (build 20+36-2344)
# Java VM: OpenJDK 64-Bit Server VM (20+36-2344, mixed mode, emulated-client, sharing, tiered, compressed oops, compressed class ptrs, g1 gc, windows-amd64)
# Problematic frame:
# V  [jvm.dll+0x31cae5]
#
# No core dump will be written. Minidumps are not enabled by default on client versions of Windows
#
# If you would like to submit a bug report, please visit:
#   https://bugreport.java.com/bugreport/crash.jsp
#

---------------  S U M M A R Y ------------

Command Line: -XX:TieredStopAtLevel=1 -Dspring.output.ansi.enabled=always -Dcom.sun.management.jmxremote -Dspring.jmx.enabled=true -Dspring.liveBeansView.mbeanDomain -Dspring.application.admin.enabled=true -Dmanagement.endpoints.jmx.exposure.include=* -javaagent:C:\Program Files\JetBrains\IntelliJ IDEA 2023.1\lib\idea_rt.jar=28628:C:\Program Files\JetBrains\IntelliJ IDEA 2023.1\bin -Dfile.encoding=UTF-8 -Dsun.stdout.encoding=UTF-8 -Dsun.stderr.encoding=UTF-8 com.awbd5.awbd5.Awbd5Application

Host: Intel(R) Core(TM) i7-3630QM CPU @ 2.40GHz, 8 cores, 11G,  Windows 11 , 64 bit Build 22621 (10.0.22621.1344)
Time: Mon Apr 17 17:28:56 2023 Middle East Daylight Time elapsed time: 1114.339570 seconds (0d 0h 18m 34s)

---------------  T H R E A D  ---------------

Current thread (0x0000020e72ab3150):  WorkerThread "G1 Conc#0" [stack: 0x0000003a5a000000,0x0000003a5a100000] [id=7828]

Stack: [0x0000003a5a000000,0x0000003a5a100000],  sp=0x0000003a5a0ff420,  free space=1021k
Native frames: (J=compiled Java code, j=interpreted, Vv=VM code, C=native code)
V  [jvm.dll+0x31cae5]
V  [jvm.dll+0x31c97f]
V  [jvm.dll+0x31a9fd]
V  [jvm.dll+0x319ef2]
V  [jvm.dll+0x338720]
V  [jvm.dll+0x334cb1]
V  [jvm.dll+0x33693c]
V  [jvm.dll+0x335589]
V  [jvm.dll+0x339256]
V  [jvm.dll+0x875777]
V  [jvm.dll+0x7f4906]
V  [jvm.dll+0x6ba5cb]
C  [ucrtbase.dll+0x29363]
C  [KERNEL32.DLL+0x126bd]
C  [ntdll.dll+0x5a9f8]


siginfo: EXCEPTION_ACCESS_VIOLATION (0xc0000005), reading address 0x0000021672a68250


Registers:
RAX=0x0000020e72a83480, RBX=0x0000020e72ab54e0, RCX=0x0000000000000015, RDX=0x0000000000000000
RSP=0x0000003a5a0ff420, RBP=0x0000000000000000, RSI=0x0000020e72aa4ea0, RDI=0x0000000080000000
R8 =0x0000000080000000, R9 =0x00000000ffffc9ba, R10=0x0000020e72a60290, R11=0x0000000000000003
R12=0x0000000000000000, R13=0xaaaaaaaaaaaaaaab, R14=0x0000000000000001, R15=0x0000003a5a0ff5a0
RIP=0x00007ffff8b0cae5, EFLAGS=0x0000000000010a02


Register to memory mapping:

RIP=0x00007ffff8b0cae5 jvm.dll
RAX=0x0000020e72a83480 points into unknown readable memory: 0x0000020e72ad9230 | 30 92 ad 72 0e 02 00 00
RBX=0x0000020e72ab54e0 points into unknown readable memory: 0x00007ffff916fdf8 | f8 fd 16 f9 ff 7f 00 00
RCX=0x0000000000000015 is an unknown value
RDX=0x0 is NULL
RSP=0x0000003a5a0ff420 points into unknown readable memory: 0x0000020e72ab54e0 | e0 54 ab 72 0e 02 00 00
RBP=0x0 is NULL
RSI=0x0000020e72aa4ea0 points into unknown readable memory: 0x0000020e72ab11d0 | d0 11 ab 72 0e 02 00 00
RDI=0x0000000080000000 is an unknown value
R8 =0x0000000080000000 is an unknown value
R9 =0x00000000ffffc9ba is an unknown value
R10=0x0000020e72a60290 points into unknown readable memory: 0x00007ffff916e3e8 | e8 e3 16 f9 ff 7f 00 00
R11=0x0000000000000003 is an unknown value
R12=0x0 is NULL
R13=0xaaaaaaaaaaaaaaab is an unknown value
R14=0x0000000000000001 is an unknown value
R15=0x0000003a5a0ff5a0 points into unknown readable memory: 0x0000020e72aa4ea0 | a0 4e aa 72 0e 02 00 00


Top of Stack: (sp=0x0000003a5a0ff420)
0x0000003a5a0ff420:   0000020e72ab54e0 0000003a5a0ff5e0
0x0000003a5a0ff430:   000000074aa92e20 00007ffff8b0c97f
0x0000003a5a0ff440:   0000000080000000 00007ffff8b0c97f
0x0000003a5a0ff450:   0000020e72ab54e0 0000003a5a0ff5e0
0x0000003a5a0ff460:   000000074adf4830 00007ffff8b0ab39
0x0000003a5a0ff470:   0000003a5a0ff5e0 00007ffff8b0a9fd
0x0000003a5a0ff480:   000000074adf4714 00007ffff8b09ef2
0x0000003a5a0ff490:   0000000000000001 0000000800006e60
0x0000003a5a0ff4a0:   0000000800001240 00007ffff8b09ef2
0x0000003a5a0ff4b0:   0000000000000032 000000074adf46a0
0x0000003a5a0ff4c0:   000000000000000e 0000000000000040
0x0000003a5a0ff4d0:   0000020e72ab54e0 00007ffff8b28720
0x0000003a5a0ff4e0:   000000074adf46a0 0000020e72aa4eb0
0x0000003a5a0ff4f0:   0000003a5a0ff5a0 0000020e72aa4eb0
0x0000003a5a0ff500:   000000074adf46a0 00007ffff8b24cb1
0x0000003a5a0ff510:   000000000043e8d4 0000000000000002
0x0000003a5a0ff520:   000000074adc33d0 00007ffff8b261ff
0x0000003a5a0ff530:   0000000000440000 00007ffff8b2693c
0x0000003a5a0ff540:   000000074adf4658 000000000043e8d4
0x0000003a5a0ff550:   00000000001312d0 0000000000000000
0x0000003a5a0ff560:   0000020e72ab3430 0000000000000001
0x0000003a5a0ff570:   0000020e72ab54e0 00007ffff8b25589
0x0000003a5a0ff580:   0000020e72ab5578 0000000000000000
0x0000003a5a0ff590:   0000003a59fff801 0000000000000000
0x0000003a5a0ff5a0:   0000020e72aa4ea0 0000020e72ab54e0
0x0000003a5a0ff5b0:   000000074ac00000 0000000000040000
0x0000003a5a0ff5c0:   000000074ac00000 0000000000040000
0x0000003a5a0ff5d0:   0000000000000000 000000000010b076
0x0000003a5a0ff5e0:   00007ffff916fe18 0000020e72afd710
0x0000003a5a0ff5f0:   0000003a00000003 0000020e72a60290
0x0000003a5a0ff600:   0000020e72ab54e0 00007ffff8e7c473
0x0000003a5a0ff610:   c215b08487ff8f5c 0000000000000000 

Instructions: (pc=0x00007ffff8b0cae5)
0x00007ffff8b0c9e5:   05 75 35 48 8b 83 a8 00 00 00 48 39 83 a0 00 00
0x00007ffff8b0c9f5:   00 73 10 48 8b 83 c0 00 00 00 48 39 83 b8 00 00
0x00007ffff8b0ca05:   00 72 7f 48 8b cb e8 10 af 01 00 b0 01 48 8b 5c
0x00007ffff8b0ca15:   24 30 48 83 c4 20 5f c3 48 8b 53 30 44 8b 82 80
0x00007ffff8b0ca25:   00 00 00 8b 82 00 01 00 00 41 8b c8 2b c8 81 e1
0x00007ffff8b0ca35:   ff ff 01 00 81 f9 fe ff 01 00 72 2c 48 8b cb e8
0x00007ffff8b0ca45:   e7 a0 01 00 48 8b 53 30 44 8b 82 80 00 00 00 8b
0x00007ffff8b0ca55:   82 00 01 00 00 41 8b c8 2b c8 81 e1 ff ff 01 00
0x00007ffff8b0ca65:   81 f9 fe ff 01 00 73 1a 48 8b 82 80 01 00 00 4a
0x00007ffff8b0ca75:   89 3c c0 41 8d 40 01 25 ff ff 01 00 89 82 80 00
0x00007ffff8b0ca85:   00 00 48 8b 5c 24 30 b0 01 48 83 c4 20 5f c3 cc
0x00007ffff8b0ca95:   cc cc cc cc cc cc cc cc cc cc cc 48 89 6c 24 10
0x00007ffff8b0caa5:   48 89 74 24 18 57 48 83 ec 20 4c 8b 51 08 48 8b
0x00007ffff8b0cab5:   f1 4d 8b c8 8b ea 49 8b f8 41 8b 8a 48 02 00 00
0x00007ffff8b0cac5:   49 8b 82 40 02 00 00 48 d3 e0 8b 0d bb 46 89 00
0x00007ffff8b0cad5:   4c 2b c8 49 8b 82 28 02 00 00 49 d3 e9 45 8b c9
0x00007ffff8b0cae5:   4a 8b 04 c8 48 8b 40 60 4c 3b c0 72 12 32 c0 48
0x00007ffff8b0caf5:   8b 6c 24 38 48 8b 74 24 40 48 83 c4 20 5f c3 48
0x00007ffff8b0cb05:   8b 46 10 48 8d 4e 10 48 8b d7 48 89 5c 24 30 ff
0x00007ffff8b0cb15:   10 8b 4e 28 48 8b d7 48 2b 56 18 48 8b 46 30 48
0x00007ffff8b0cb25:   c1 ea 03 48 d3 ea 48 8b ca 48 c1 e9 06 4c 8d 04
0x00007ffff8b0cb35:   c8 0f b6 ca 49 8b 00 80 e1 3f ba 01 00 00 00 48
0x00007ffff8b0cb45:   d3 e2 48 8b c8 48 0b ca 48 3b c8 74 12 f0 49 0f
0x00007ffff8b0cb55:   b1 08 74 25 48 8b c8 48 0b ca 48 3b c8 75 ee 32
0x00007ffff8b0cb65:   db 48 8b 6c 24 38 0f b6 c3 48 8b 5c 24 30 48 8b
0x00007ffff8b0cb75:   74 24 40 48 83 c4 20 5f c3 80 3d 66 3c 89 00 00
0x00007ffff8b0cb85:   b3 01 74 15 8b 57 08 8b 0d 56 64 82 00 48 d3 e2
0x00007ffff8b0cb95:   48 03 15 44 64 82 00 eb 04 48 8b 57 08 48 8b cf
0x00007ffff8b0cba5:   e8 06 3b e2 ff 48 8b 8e b8 02 00 00 4c 8b d8 4c
0x00007ffff8b0cbb5:   8b 0c e9 49 8b 51 18 8b 8a 48 02 00 00 4c 8b 82
0x00007ffff8b0cbc5:   40 02 00 00 41 8b 51 60 49 d3 e0 8b 0d ba 45 89
0x00007ffff8b0cbd5:   00 49 2b f8 48 d3 ef 44 8b d7 49 23 d2 48 c1 e2 


Stack slot to memory mapping:
stack at sp + 0 slots: 0x0000020e72ab54e0 points into unknown readable memory: 0x00007ffff916fdf8 | f8 fd 16 f9 ff 7f 00 00
stack at sp + 1 slots: 0x0000003a5a0ff5e0 points into unknown readable memory: 0x00007ffff916fe18 | 18 fe 16 f9 ff 7f 00 00
stack at sp + 2 slots: 0x000000074aa92e20 is an oop: java.lang.Class 
{0x000000074aa92e20} - klass: 'java/lang/Class'
 - ---- fields (total size 17 words):
 - private volatile transient 'classRedefinedCount' 'I' @12  0 (0x00000000)
 - abstract internal 'klass' 'J' @16  34384293664 (0x000000080176af20)
 - abstract internal 'array_klass' 'J' @24  34384294232 (0x000000080176b158)
 - abstract internal 'oop_size' 'I' @32  17 (0x00000011)
 - abstract internal 'static_oop_field_count' 'I' @36  5 (0x00000005)
 - private volatile transient 'cachedConstructor' 'Ljava/lang/reflect/Constructor;' @40  NULL (0x00000000)
 - private transient 'name' 'Ljava/lang/String;' @44  "org.hibernate.engine.FetchStyle"{0x000000074aa92f60} (0xe95525ec)
 - private transient 'module' 'Ljava/lang/Module;' @48  a 'java/lang/Module'{0x0000000748edf980} (0xe91dbf30)
 - private final 'classLoader' 'Ljava/lang/ClassLoader;' @52  a 'jdk/internal/loader/ClassLoaders$AppClassLoader'{0x0000000748edac00} (0xe91db580)
 - private transient 'classData' 'Ljava/lang/Object;' @56  NULL (0x00000000)
 - private transient 'packageName' 'Ljava/lang/String;' @60  "org.hibernate.engine"{0x000000074a34eba0} (0xe9469d74)
 - private final 'componentType' 'Ljava/lang/Class;' @64  NULL (0x00000000)
 - private volatile transient 'reflectionData' 'Ljava/lang/ref/SoftReference;' @68  NULL (0x00000000)
 - private volatile transient 'genericInfo' 'Lsun/reflect/generics/repository/ClassRepository;' @72  NULL (0x00000000)
 - private volatile transient 'enumConstants' '[Ljava/lang/Object;' @76  NULL (0x00000000)
 - private volatile transient 'enumConstantDirectory' 'Ljava/util/Map;' @80  NULL (0x00000000)
 - private volatile transient 'annotationData' 'Ljava/lang/Class$AnnotationData;' @84  NULL (0x00000000)
 - private volatile transient 'annotationType' 'Lsun/reflect/annotation/AnnotationType;' @88  NULL (0x00000000)
 - transient 'classValueMap' 'Ljava/lang/ClassValue$ClassValueMap;' @92  NULL (0x00000000)
 - abstract internal 'protection_domain' 'Ljava/lang/Object;' @96  a 'java/security/ProtectionDomain'{0x00000007494c4f18} (0xe92989e3)
 - abstract internal 'signers_name' 'Ljava/lang/Object;' @100  NULL (0x00000000)
 - abstract internal 'source_file' 'Ljava/lang/Object;' @104  NULL (0x00000000)
 - signature: Lorg/hibernate/engine/FetchStyle;
 - ---- static fields (5):
 - public static final 'SELECT' 'Lorg/hibernate/engine/FetchStyle;' @112  a 'org/hibernate/engine/FetchStyle'{0x0000000749827cf0} (0xe9304f9e)
 - public static final 'JOIN' 'Lorg/hibernate/engine/FetchStyle;' @116  a 'org/hibernate/engine/FetchStyle'{0x0000000749803e58} (0xe93007cb)
 - public static final 'BATCH' 'Lorg/hibernate/engine/FetchStyle;' @120  a 'org/hibernate/engine/FetchStyle'{0x000000074aa92f18} (0xe95525e3)
 - public static final 'SUBSELECT' 'Lorg/hibernate/engine/FetchStyle;' @124  a 'org/hibernate/engine/FetchStyle'{0x000000074aa92ec8} (0xe95525d9)
 - private static final synthetic '$VALUES' '[Lorg/hibernate/engine/FetchStyle;' @128  a 'org/hibernate/engine/FetchStyle'[4] {0x000000074aa92ea8} (0xe95525d5)
stack at sp + 3 slots: 0x00007ffff8b0c97f jvm.dll
stack at sp + 4 slots: 0x0000000080000000 is an unknown value
stack at sp + 5 slots: 0x00007ffff8b0c97f jvm.dll
stack at sp + 6 slots: 0x0000020e72ab54e0 points into unknown readable memory: 0x00007ffff916fdf8 | f8 fd 16 f9 ff 7f 00 00
stack at sp + 7 slots: 0x0000003a5a0ff5e0 points into unknown readable memory: 0x00007ffff916fe18 | 18 fe 16 f9 ff 7f 00 00


---------------  P R O C E S S  ---------------

Threads class SMR info:
_java_thread_list=0x0000020e0bfa58a0, length=32, elements={
0x0000020e7f7b0220, 0x0000020e7f7b2b70, 0x0000020e7f7b3e50, 0x0000020e7f7b4790,
0x0000020e7f7b50d0, 0x0000020e7f7b7b50, 0x0000020e7f7bbe00, 0x0000020e090920c0,
0x0000020e09090b80, 0x0000020e09092610, 0x0000020e09091620, 0x0000020e090930b0,
0x0000020e090910d0, 0x0000020e0ade7560, 0x0000020e0ade4040, 0x0000020e0ade0080,
0x0000020e0ade1070, 0x0000020e0ade5580, 0x0000020e0ade3050, 0x0000020e0ade15c0,
0x0000020e0ade1b10, 0x0000020e0ade5ad0, 0x0000020e0ade2060, 0x0000020e0ade6570,
0x0000020e0ade05d0, 0x0000020e0ade6020, 0x0000020e0ade0b20, 0x0000020e0ade6ac0,
0x0000020e0ade25b0, 0x0000020e0ade2b00, 0x0000020e0ade35a0, 0x0000020e0ade3af0
}

Java Threads: ( => current thread )
  0x0000020e7f7b0220 JavaThread "Reference Handler" daemon [_thread_blocked, id=6428, stack(0x0000003a5a400000,0x0000003a5a500000)]
  0x0000020e7f7b2b70 JavaThread "Finalizer" daemon [_thread_blocked, id=9140, stack(0x0000003a5a500000,0x0000003a5a600000)]
  0x0000020e7f7b3e50 JavaThread "Signal Dispatcher" daemon [_thread_blocked, id=13060, stack(0x0000003a5a600000,0x0000003a5a700000)]
  0x0000020e7f7b4790 JavaThread "Attach Listener" daemon [_thread_blocked, id=8284, stack(0x0000003a5a700000,0x0000003a5a800000)]
  0x0000020e7f7b50d0 JavaThread "Service Thread" daemon [_thread_blocked, id=14984, stack(0x0000003a5a800000,0x0000003a5a900000)]
  0x0000020e7f7b7b50 JavaThread "Monitor Deflation Thread" daemon [_thread_blocked, id=2076, stack(0x0000003a5a900000,0x0000003a5aa00000)]
  0x0000020e7f7bbe00 JavaThread "C1 CompilerThread0" daemon [_thread_blocked, id=14444, stack(0x0000003a5aa00000,0x0000003a5ab00000)]
  0x0000020e090920c0 JavaThread "Common-Cleaner" daemon [_thread_blocked, id=12280, stack(0x0000003a5ab00000,0x0000003a5ac00000)]
  0x0000020e09090b80 JavaThread "Monitor Ctrl-Break" daemon [_thread_in_native, id=3408, stack(0x0000003a5ad00000,0x0000003a5ae00000)]
  0x0000020e09092610 JavaThread "Notification Thread" daemon [_thread_blocked, id=1476, stack(0x0000003a5ae00000,0x0000003a5af00000)]
  0x0000020e09091620 JavaThread "RMI TCP Accept-0" daemon [_thread_in_native, id=7900, stack(0x0000003a5b100000,0x0000003a5b200000)]
  0x0000020e090930b0 JavaThread "RMI Scheduler(0)" daemon [_thread_blocked, id=11876, stack(0x0000003a5bc00000,0x0000003a5bd00000)]
  0x0000020e090910d0 JavaThread "Catalina-utility-1" [_thread_blocked, id=5928, stack(0x0000003a5bf00000,0x0000003a5c000000)]
  0x0000020e0ade7560 JavaThread "Catalina-utility-2" [_thread_blocked, id=8420, stack(0x0000003a5c000000,0x0000003a5c100000)]
  0x0000020e0ade4040 JavaThread "container-0" [_thread_blocked, id=12860, stack(0x0000003a5c100000,0x0000003a5c200000)]
  0x0000020e0ade0080 JavaThread "mysql-cj-abandoned-connection-cleanup" daemon [_thread_blocked, id=568, stack(0x0000003a5c200000,0x0000003a5c300000)]
  0x0000020e0ade1070 JavaThread "HikariPool-1 housekeeper" daemon [_thread_blocked, id=4272, stack(0x0000003a5c400000,0x0000003a5c500000)]
  0x0000020e0ade5580 JavaThread "File Watcher" daemon [_thread_blocked, id=9756, stack(0x0000003a5c700000,0x0000003a5c800000)]
  0x0000020e0ade3050 JavaThread "Live Reload Server" daemon [_thread_in_native, id=13576, stack(0x0000003a5c900000,0x0000003a5ca00000)]
  0x0000020e0ade15c0 JavaThread "http-nio-8080-exec-1" daemon [_thread_blocked, id=13144, stack(0x0000003a5c800000,0x0000003a5c900000)]
  0x0000020e0ade1b10 JavaThread "http-nio-8080-exec-2" daemon [_thread_blocked, id=15016, stack(0x0000003a5ca00000,0x0000003a5cb00000)]
  0x0000020e0ade5ad0 JavaThread "http-nio-8080-exec-3" daemon [_thread_blocked, id=5664, stack(0x0000003a5cb00000,0x0000003a5cc00000)]
  0x0000020e0ade2060 JavaThread "http-nio-8080-exec-4" daemon [_thread_blocked, id=15328, stack(0x0000003a5cc00000,0x0000003a5cd00000)]
  0x0000020e0ade6570 JavaThread "http-nio-8080-exec-5" daemon [_thread_blocked, id=11712, stack(0x0000003a5cd00000,0x0000003a5ce00000)]
  0x0000020e0ade05d0 JavaThread "http-nio-8080-exec-6" daemon [_thread_blocked, id=8308, stack(0x0000003a5ce00000,0x0000003a5cf00000)]
  0x0000020e0ade6020 JavaThread "http-nio-8080-exec-7" daemon [_thread_blocked, id=5168, stack(0x0000003a5cf00000,0x0000003a5d000000)]
  0x0000020e0ade0b20 JavaThread "http-nio-8080-exec-8" daemon [_thread_blocked, id=13672, stack(0x0000003a5d000000,0x0000003a5d100000)]
  0x0000020e0ade6ac0 JavaThread "http-nio-8080-exec-9" daemon [_thread_blocked, id=13296, stack(0x0000003a5d100000,0x0000003a5d200000)]
  0x0000020e0ade25b0 JavaThread "http-nio-8080-exec-10" daemon [_thread_blocked, id=11208, stack(0x0000003a5d200000,0x0000003a5d300000)]
  0x0000020e0ade2b00 JavaThread "http-nio-8080-Poller" daemon [_thread_in_native, id=9456, stack(0x0000003a5d300000,0x0000003a5d400000)]
  0x0000020e0ade35a0 JavaThread "http-nio-8080-Acceptor" daemon [_thread_in_native, id=6192, stack(0x0000003a5d400000,0x0000003a5d500000)]
  0x0000020e0ade3af0 JavaThread "DestroyJavaVM" [_thread_blocked, id=5608, stack(0x0000003a59d00000,0x0000003a59e00000)]

Other Threads:
  0x0000020e7f792620 VMThread "VM Thread" [stack: 0x0000003a5a300000,0x0000003a5a400000] [id=5684]
  0x0000020e097ef3d0 WatcherThread "VM Periodic Task Thread" [stack: 0x0000003a5b200000,0x0000003a5b300000] [id=12148]
  0x0000020e72aa4980 WorkerThread "GC Thread#0" [stack: 0x0000003a59e00000,0x0000003a59f00000] [id=5488]
  0x0000020e09864410 WorkerThread "GC Thread#1" [stack: 0x0000003a5b300000,0x0000003a5b400000] [id=7520]
  0x0000020e098646e0 WorkerThread "GC Thread#2" [stack: 0x0000003a5b400000,0x0000003a5b500000] [id=15068]
  0x0000020e098649b0 WorkerThread "GC Thread#3" [stack: 0x0000003a5b500000,0x0000003a5b600000] [id=14404]
  0x0000020e09b03ec0 WorkerThread "GC Thread#4" [stack: 0x0000003a5b600000,0x0000003a5b700000] [id=14684]
  0x0000020e09b045a0 WorkerThread "GC Thread#5" [stack: 0x0000003a5b700000,0x0000003a5b800000] [id=11808]
  0x0000020e09b059a0 WorkerThread "GC Thread#6" [stack: 0x0000003a5b800000,0x0000003a5b900000] [id=13500]
  0x0000020e09b05400 WorkerThread "GC Thread#7" [stack: 0x0000003a5be00000,0x0000003a5bf00000] [id=2676]
  0x0000020e72ab11d0 ConcurrentGCThread "G1 Main Marker" [stack: 0x0000003a59f00000,0x0000003a5a000000] [id=4364]
=>0x0000020e72ab3150 WorkerThread "G1 Conc#0" [stack: 0x0000003a5a000000,0x0000003a5a100000] [id=7828]
  0x0000020e09b06210 WorkerThread "G1 Conc#1" [stack: 0x0000003a5bd00000,0x0000003a5be00000] [id=14508]
  0x0000020e7f6524c0 ConcurrentGCThread "G1 Refine#0" [stack: 0x0000003a5a100000,0x0000003a5a200000] [id=1288]
  0x0000020e7f652d00 ConcurrentGCThread "G1 Service" [stack: 0x0000003a5a200000,0x0000003a5a300000] [id=15084]

Threads with active compile tasks:

VM state: not at safepoint (normal execution)

VM Mutex/Monitor currently owned by a thread: None

Heap address: 0x0000000748c00000, size: 2932 MB, Compressed Oops mode: Zero based, Oop shift amount: 3

CDS archive(s) mapped at: [0x0000000800000000-0x0000000800c60000-0x0000000800c60000), size 12976128, SharedBaseAddress: 0x0000000800000000, ArchiveRelocationMode: 0.
Compressed class space mapped at: 0x0000000801000000-0x0000000841000000, reserved size: 1073741824
Narrow klass base: 0x0000000800000000, Narrow klass shift: 0, Narrow klass range: 0x100000000

GC Precious Log:
 CardTable entry size: 512
 Card Set container configuration: InlinePtr #cards 4 size 8 Array Of Cards #cards 16 size 48 Howl #buckets 8 coarsen threshold 3686 Howl Bitmap #cards 512 size 80 coarsen threshold 460 Card regions per heap region 1 cards per card region 4096
 CPUs: 8 total, 8 available
 Memory: 11725M
 Large Page Support: Disabled
 NUMA Support: Disabled
 Compressed Oops: Enabled (Zero based)
 Heap Region Size: 2M
 Heap Min Capacity: 8M
 Heap Initial Capacity: 184M
 Heap Max Capacity: 2932M
 Pre-touch: Disabled
 Parallel Workers: 8
 Concurrent Workers: 2
 Concurrent Refinement Workers: 8
 Periodic GC: Disabled

Heap:
 garbage-first heap   total 69632K, used 32569K [0x0000000748c00000, 0x0000000800000000)
  region size 2048K, 2 young (4096K), 1 survivors (2048K)
 Metaspace       used 72204K, committed 73408K, reserved 1114112K
  class space    used 10183K, committed 10624K, reserved 1048576K

Heap Regions: E=young(eden), S=young(survivor), O=old, HS=humongous(starts), HC=humongous(continues), CS=collection set, F=free, OA=open archive, CA=closed archive, TAMS=top-at-mark-start, PB=parsable bottom
|   0|0x0000000748c00000, 0x0000000748e00000, 0x0000000748e00000|100%| O|  |TAMS 0x0000000748e00000| PB 0x0000000748c00000| Untracked 
|   1|0x0000000748e00000, 0x0000000749000000, 0x0000000749000000|100%| O|  |TAMS 0x0000000749000000| PB 0x0000000748e00000| Untracked 
|   2|0x0000000749000000, 0x0000000749200000, 0x0000000749200000|100%| O|  |TAMS 0x0000000749200000| PB 0x0000000749000000| Untracked 
|   3|0x0000000749200000, 0x0000000749400000, 0x0000000749400000|100%| O|  |TAMS 0x0000000749400000| PB 0x0000000749200000| Untracked 
|   4|0x0000000749400000, 0x0000000749600000, 0x0000000749600000|100%| O|  |TAMS 0x0000000749600000| PB 0x0000000749400000| Untracked 
|   5|0x0000000749600000, 0x0000000749800000, 0x0000000749800000|100%| O|  |TAMS 0x0000000749800000| PB 0x0000000749600000| Untracked 
|   6|0x0000000749800000, 0x0000000749a00000, 0x0000000749a00000|100%| O|  |TAMS 0x0000000749a00000| PB 0x0000000749800000| Untracked 
|   7|0x0000000749a00000, 0x0000000749a00000, 0x0000000749c00000|  0%| F|  |TAMS 0x0000000749a00000| PB 0x0000000749a00000| Untracked 
|   8|0x0000000749c00000, 0x0000000749e00000, 0x0000000749e00000|100%| O|  |TAMS 0x0000000749e00000| PB 0x0000000749c00000| Untracked 
|   9|0x0000000749e00000, 0x000000074a000000, 0x000000074a000000|100%| O|  |TAMS 0x000000074a000000| PB 0x0000000749e00000| Untracked 
|  10|0x000000074a000000, 0x000000074a200000, 0x000000074a200000|100%| O|  |TAMS 0x000000074a200000| PB 0x000000074a000000| Untracked 
|  11|0x000000074a200000, 0x000000074a400000, 0x000000074a400000|100%| O|  |TAMS 0x000000074a400000| PB 0x000000074a200000| Untracked 
|  12|0x000000074a400000, 0x000000074a600000, 0x000000074a600000|100%| O|  |TAMS 0x000000074a600000| PB 0x000000074a400000| Untracked 
|  13|0x000000074a600000, 0x000000074a600000, 0x000000074a800000|  0%| F|  |TAMS 0x000000074a600000| PB 0x000000074a600000| Untracked 
|  14|0x000000074a800000, 0x000000074a800000, 0x000000074aa00000|  0%| F|  |TAMS 0x000000074a800000| PB 0x000000074a800000| Untracked 
|  15|0x000000074aa00000, 0x000000074ac00000, 0x000000074ac00000|100%| O|  |TAMS 0x000000074ac00000| PB 0x000000074aa00000| Untracked 
|  16|0x000000074ac00000, 0x000000074ae00000, 0x000000074ae00000|100%| O|  |TAMS 0x000000074ae00000| PB 0x000000074ac00000| Untracked 
|  17|0x000000074ae00000, 0x000000074b000000, 0x000000074b000000|100%| O|  |TAMS 0x000000074b000000| PB 0x000000074ae00000| Untracked 
|  18|0x000000074b000000, 0x000000074b0b5000, 0x000000074b200000| 35%| O|  |TAMS 0x000000074b0b5000| PB 0x000000074b000000| Untracked 
|  19|0x000000074b200000, 0x000000074b319760, 0x000000074b400000| 54%| S|CS|TAMS 0x000000074b200000| PB 0x000000074b200000| Complete 
|  20|0x000000074b400000, 0x000000074b400000, 0x000000074b600000|  0%| F|  |TAMS 0x000000074b400000| PB 0x000000074b400000| Untracked 
|  21|0x000000074b600000, 0x000000074b600000, 0x000000074b800000|  0%| F|  |TAMS 0x000000074b600000| PB 0x000000074b600000| Untracked 
|  22|0x000000074b800000, 0x000000074b800000, 0x000000074ba00000|  0%| F|  |TAMS 0x000000074b800000| PB 0x000000074b800000| Untracked 
|  23|0x000000074ba00000, 0x000000074ba00000, 0x000000074bc00000|  0%| F|  |TAMS 0x000000074ba00000| PB 0x000000074ba00000| Untracked 
|  24|0x000000074bc00000, 0x000000074bc00000, 0x000000074be00000|  0%| F|  |TAMS 0x000000074bc00000| PB 0x000000074bc00000| Untracked 
|  25|0x000000074be00000, 0x000000074be00000, 0x000000074c000000|  0%| F|  |TAMS 0x000000074be00000| PB 0x000000074be00000| Untracked 
|  26|0x000000074c000000, 0x000000074c000000, 0x000000074c200000|  0%| F|  |TAMS 0x000000074c000000| PB 0x000000074c000000| Untracked 
|  27|0x000000074c200000, 0x000000074c200000, 0x000000074c400000|  0%| F|  |TAMS 0x000000074c200000| PB 0x000000074c200000| Untracked 
|  28|0x000000074c400000, 0x000000074c400000, 0x000000074c600000|  0%| F|  |TAMS 0x000000074c400000| PB 0x000000074c400000| Untracked 
|  29|0x000000074c600000, 0x000000074c600000, 0x000000074c800000|  0%| F|  |TAMS 0x000000074c600000| PB 0x000000074c600000| Untracked 
|  68|0x0000000751400000, 0x0000000751400000, 0x0000000751600000|  0%| F|  |TAMS 0x0000000751400000| PB 0x0000000751400000| Untracked 
|  69|0x0000000751600000, 0x0000000751600000, 0x0000000751800000|  0%| F|  |TAMS 0x0000000751600000| PB 0x0000000751600000| Untracked 
|  70|0x0000000751800000, 0x0000000751800000, 0x0000000751a00000|  0%| F|  |TAMS 0x0000000751800000| PB 0x0000000751800000| Untracked 
|  91|0x0000000754200000, 0x000000075423b9a8, 0x0000000754400000| 11%| E|  |TAMS 0x0000000754200000| PB 0x0000000754200000| Complete 

Card table byte_map: [0x0000020e7e1c0000,0x0000020e7e780000] _byte_map_base: 0x0000020e7a77a000

Marking Bits: (CMBitMap*) 0x0000020e72aa4eb0
 Bits: [0x0000020e00000000, 0x0000020e02dd0000)

Polling page: 0x0000020e72200000

Metaspace:

Usage:
  Non-class:     60.57 MB used.
      Class:      9.94 MB used.
       Both:     70.51 MB used.

Virtual space:
  Non-class space:       64.00 MB reserved,      61.31 MB ( 96%) committed,  1 nodes.
      Class space:        1.00 GB reserved,      10.38 MB (  1%) committed,  1 nodes.
             Both:        1.06 GB reserved,      71.69 MB (  7%) committed. 

Chunk freelists:
   Non-Class:  2.66 MB
       Class:  1.83 MB
        Both:  4.49 MB

MaxMetaspaceSize: unlimited
CompressedClassSpaceSize: 1.00 GB
Initial GC threshold: 21.00 MB
Current GC threshold: 119.38 MB
CDS: on
MetaspaceReclaimPolicy: balanced
 - commit_granule_bytes: 65536.
 - commit_granule_words: 8192.
 - virtual_space_node_default_size: 8388608.
 - enlarge_chunks_in_place: 1.
 - new_chunks_are_fully_committed: 0.
 - uncommit_free_chunks: 1.
 - use_allocation_guard: 0.


Internal statistics:

num_allocs_failed_limit: 9.
num_arena_births: 1108.
num_arena_deaths: 388.
num_vsnodes_births: 2.
num_vsnodes_deaths: 0.
num_space_committed: 1147.
num_space_uncommitted: 0.
num_chunks_returned_to_freelist: 482.
num_chunks_taken_from_freelist: 3685.
num_chunk_merges: 138.
num_chunk_splits: 2625.
num_chunks_enlarged: 1972.
num_inconsistent_stats: 0.

CodeCache: size=49152Kb used=12493Kb max_used=13783Kb free=36658Kb
 bounds [0x0000020e7aaf0000, 0x0000020e7b950000, 0x0000020e7daf0000]
 total_blobs=7707 nmethods=6962 adapters=669
 compilation: enabled
              stopped_count=0, restarted_count=0
 full_count=0

Compilation events (20 events):
Event: 643.906 Thread 0x0000020e7f7bbe00 7652   !   1       org.apache.catalina.core.ContainerBase$ContainerBackgroundProcessor::processChildren (202 bytes)
Event: 643.907 Thread 0x0000020e7f7bbe00 nmethod 7652 0x0000020e7af18710 code [0x0000020e7af18a20, 0x0000020e7af19c78]
Event: 643.907 Thread 0x0000020e7f7bbe00 7651       1       org.apache.catalina.webresources.Cache$$Lambda$1593/0x00000008019aeee0::applyAsLong (8 bytes)
Event: 643.907 Thread 0x0000020e7f7bbe00 nmethod 7651 0x0000020e7b1cc490 code [0x0000020e7b1cc620, 0x0000020e7b1cc738]
Event: 643.907 Thread 0x0000020e7f7bbe00 7654       1       org.apache.catalina.mapper.MapperListener::lifecycleEvent (178 bytes)
Event: 643.907 Thread 0x0000020e7f7bbe00 nmethod 7654 0x0000020e7b3cc610 code [0x0000020e7b3cc880, 0x0000020e7b3cd140]
Event: 673.940 Thread 0x0000020e7f7bbe00 7655   !   1       org.apache.catalina.core.StandardContext::getLoader (38 bytes)
Event: 673.940 Thread 0x0000020e7f7bbe00 nmethod 7655 0x0000020e7af17f90 code [0x0000020e7af18160, 0x0000020e7af18468]
Event: 713.956 Thread 0x0000020e7f7bbe00 7656       1       org.apache.catalina.loader.WebappLoader::getClassLoader (5 bytes)
Event: 713.956 Thread 0x0000020e7f7bbe00 nmethod 7656 0x0000020e7aeec310 code [0x0000020e7aeec480, 0x0000020e7aeec550]
Event: 733.968 Thread 0x0000020e7f7bbe00 7657       1       java.lang.Thread::setContextClassLoader (49 bytes)
Event: 733.968 Thread 0x0000020e7f7bbe00 nmethod 7657 0x0000020e7af17910 code [0x0000020e7af17aa0, 0x0000020e7af17ce0]
Event: 854.042 Thread 0x0000020e7f7bbe00 7658   !   1       org.apache.catalina.webresources.AbstractArchiveResourceSet::gc (67 bytes)
Event: 854.042 Thread 0x0000020e7f7bbe00 nmethod 7658 0x0000020e7adb7e90 code [0x0000020e7adb8020, 0x0000020e7adb8300]
Event: 914.092 Thread 0x0000020e7f7bbe00 7659       1       org.apache.catalina.core.StandardContext::getThreadBindingListener (5 bytes)
Event: 914.092 Thread 0x0000020e7f7bbe00 nmethod 7659 0x0000020e7adb7b90 code [0x0000020e7adb7d00, 0x0000020e7adb7dd0]
Event: 1095.078 Thread 0x0000020e7f7bbe00 7661       1       java.util.concurrent.locks.AbstractQueuedSynchronizer$ConditionObject::await (207 bytes)
Event: 1095.079 Thread 0x0000020e7f7bbe00 nmethod 7661 0x0000020e7b0c1890 code [0x0000020e7b0c1ac0, 0x0000020e7b0c2198]
Event: 1095.079 Thread 0x0000020e7f7bbe00 7660       1       java.lang.ref.ReferenceQueue::await (15 bytes)
Event: 1095.079 Thread 0x0000020e7f7bbe00 nmethod 7660 0x0000020e7b0c1510 code [0x0000020e7b0c16a0, 0x0000020e7b0c17d0]

GC Heap History (20 events):
Event: 7.136 GC heap before
{Heap before GC invocations=14 (full 0):
 garbage-first heap   total 67584K, used 55504K [0x0000000748c00000, 0x0000000800000000)
  region size 2048K, 17 young (34816K), 2 survivors (4096K)
 Metaspace       used 57178K, committed 57856K, reserved 1114112K
  class space    used 7962K, committed 8256K, reserved 1048576K
}
Event: 7.140 GC heap after
{Heap after GC invocations=15 (full 0):
 garbage-first heap   total 67584K, used 25863K [0x0000000748c00000, 0x0000000800000000)
  region size 2048K, 2 young (4096K), 2 survivors (4096K)
 Metaspace       used 57178K, committed 57856K, reserved 1114112K
  class space    used 7962K, committed 8256K, reserved 1048576K
}
Event: 7.698 GC heap before
{Heap before GC invocations=15 (full 0):
 garbage-first heap   total 67584K, used 56583K [0x0000000748c00000, 0x0000000800000000)
  region size 2048K, 17 young (34816K), 2 survivors (4096K)
 Metaspace       used 60690K, committed 61376K, reserved 1114112K
  class space    used 8475K, committed 8768K, reserved 1048576K
}
Event: 7.705 GC heap after
{Heap after GC invocations=16 (full 0):
 garbage-first heap   total 67584K, used 27489K [0x0000000748c00000, 0x0000000800000000)
  region size 2048K, 3 young (6144K), 3 survivors (6144K)
 Metaspace       used 60690K, committed 61376K, reserved 1114112K
  class space    used 8475K, committed 8768K, reserved 1048576K
}
Event: 8.275 GC heap before
{Heap before GC invocations=16 (full 0):
 garbage-first heap   total 67584K, used 52065K [0x0000000748c00000, 0x0000000800000000)
  region size 2048K, 15 young (30720K), 3 survivors (6144K)
 Metaspace       used 62686K, committed 63424K, reserved 1114112K
  class space    used 8775K, committed 9088K, reserved 1048576K
}
Event: 8.280 GC heap after
{Heap after GC invocations=17 (full 0):
 garbage-first heap   total 67584K, used 29491K [0x0000000748c00000, 0x0000000800000000)
  region size 2048K, 2 young (4096K), 2 survivors (4096K)
 Metaspace       used 62686K, committed 63424K, reserved 1114112K
  class space    used 8775K, committed 9088K, reserved 1048576K
}
Event: 8.954 GC heap before
{Heap before GC invocations=17 (full 0):
 garbage-first heap   total 67584K, used 56115K [0x0000000748c00000, 0x0000000800000000)
  region size 2048K, 15 young (30720K), 2 survivors (4096K)
 Metaspace       used 67079K, committed 67776K, reserved 1114112K
  class space    used 9515K, committed 9792K, reserved 1048576K
}
Event: 8.959 GC heap after
{Heap after GC invocations=18 (full 0):
 garbage-first heap   total 67584K, used 30800K [0x0000000748c00000, 0x0000000800000000)
  region size 2048K, 2 young (4096K), 2 survivors (4096K)
 Metaspace       used 67079K, committed 67776K, reserved 1114112K
  class space    used 9515K, committed 9792K, reserved 1048576K
}
Event: 41.922 GC heap before
{Heap before GC invocations=19 (full 0):
 garbage-first heap   total 67584K, used 53328K [0x0000000748c00000, 0x0000000800000000)
  region size 2048K, 14 young (28672K), 2 survivors (4096K)
 Metaspace       used 70727K, committed 71552K, reserved 1114112K
  class space    used 10050K, committed 10432K, reserved 1048576K
}
Event: 41.928 GC heap after
{Heap after GC invocations=20 (full 0):
 garbage-first heap   total 67584K, used 33474K [0x0000000748c00000, 0x0000000800000000)
  region size 2048K, 2 young (4096K), 2 survivors (4096K)
 Metaspace       used 70727K, committed 71552K, reserved 1114112K
  class space    used 10050K, committed 10432K, reserved 1048576K
}
Event: 43.575 GC heap before
{Heap before GC invocations=20 (full 0):
 garbage-first heap   total 67584K, used 56002K [0x0000000748c00000, 0x0000000800000000)
  region size 2048K, 13 young (26624K), 2 survivors (4096K)
 Metaspace       used 72581K, committed 73344K, reserved 1114112K
  class space    used 10275K, committed 10624K, reserved 1048576K
}
Event: 43.583 GC heap after
{Heap after GC invocations=21 (full 0):
 garbage-first heap   total 67584K, used 34602K [0x0000000748c00000, 0x0000000800000000)
  region size 2048K, 1 young (2048K), 1 survivors (2048K)
 Metaspace       used 72581K, committed 73344K, reserved 1114112K
  class space    used 10275K, committed 10624K, reserved 1048576K
}
Event: 47.570 GC heap before
{Heap before GC invocations=21 (full 0):
 garbage-first heap   total 67584K, used 57130K [0x0000000748c00000, 0x0000000800000000)
  region size 2048K, 12 young (24576K), 1 survivors (2048K)
 Metaspace       used 72583K, committed 73344K, reserved 1114112K
  class space    used 10275K, committed 10624K, reserved 1048576K
}
Event: 47.573 GC heap after
{Heap after GC invocations=22 (full 0):
 garbage-first heap   total 67584K, used 34570K [0x0000000748c00000, 0x0000000800000000)
  region size 2048K, 1 young (2048K), 1 survivors (2048K)
 Metaspace       used 72583K, committed 73344K, reserved 1114112K
  class space    used 10275K, committed 10624K, reserved 1048576K
}
Event: 50.613 GC heap before
{Heap before GC invocations=23 (full 0):
 garbage-first heap   total 69632K, used 57098K [0x0000000748c00000, 0x0000000800000000)
  region size 2048K, 12 young (24576K), 1 survivors (2048K)
 Metaspace       used 72189K, committed 73344K, reserved 1114112K
  class space    used 10179K, committed 10624K, reserved 1048576K
}
Event: 50.616 GC heap after
{Heap after GC invocations=24 (full 0):
 garbage-first heap   total 69632K, used 34506K [0x0000000748c00000, 0x0000000800000000)
  region size 2048K, 1 young (2048K), 1 survivors (2048K)
 Metaspace       used 72189K, committed 73344K, reserved 1114112K
  class space    used 10179K, committed 10624K, reserved 1048576K
}
Event: 340.431 GC heap before
{Heap before GC invocations=24 (full 0):
 garbage-first heap   total 69632K, used 59082K [0x0000000748c00000, 0x0000000800000000)
  region size 2048K, 13 young (26624K), 1 survivors (2048K)
 Metaspace       used 72201K, committed 73408K, reserved 1114112K
  class space    used 10181K, committed 10624K, reserved 1048576K
}
Event: 340.435 GC heap after
{Heap after GC invocations=25 (full 0):
 garbage-first heap   total 69632K, used 32798K [0x0000000748c00000, 0x0000000800000000)
  region size 2048K, 1 young (2048K), 1 survivors (2048K)
 Metaspace       used 72201K, committed 73408K, reserved 1114112K
  class space    used 10181K, committed 10624K, reserved 1048576K
}
Event: 1114.302 GC heap before
{Heap before GC invocations=25 (full 0):
 garbage-first heap   total 69632K, used 59422K [0x0000000748c00000, 0x0000000800000000)
  region size 2048K, 14 young (28672K), 1 survivors (2048K)
 Metaspace       used 72204K, committed 73408K, reserved 1114112K
  class space    used 10183K, committed 10624K, reserved 1048576K
}
Event: 1114.304 GC heap after
{Heap after GC invocations=26 (full 0):
 garbage-first heap   total 69632K, used 32569K [0x0000000748c00000, 0x0000000800000000)
  region size 2048K, 1 young (2048K), 1 survivors (2048K)
 Metaspace       used 72204K, committed 73408K, reserved 1114112K
  class space    used 10183K, committed 10624K, reserved 1048576K
}

Dll operation events (14 events):
Event: 0.012 Loaded shared library C:\Users\Elena\.jdks\openjdk-20\bin\java.dll
Event: 0.025 Loaded shared library C:\Users\Elena\.jdks\openjdk-20\bin\jsvml.dll
Event: 0.165 Loaded shared library C:\Users\Elena\.jdks\openjdk-20\bin\zip.dll
Event: 0.167 Loaded shared library C:\Users\Elena\.jdks\openjdk-20\bin\instrument.dll
Event: 0.173 Loaded shared library C:\Users\Elena\.jdks\openjdk-20\bin\net.dll
Event: 0.174 Loaded shared library C:\Users\Elena\.jdks\openjdk-20\bin\nio.dll
Event: 0.177 Loaded shared library C:\Users\Elena\.jdks\openjdk-20\bin\zip.dll
Event: 0.255 Loaded shared library C:\Program Files\JetBrains\IntelliJ IDEA 2023.1\bin\breakgen64.dll
Event: 0.261 Loaded shared library C:\Users\Elena\.jdks\openjdk-20\bin\jimage.dll
Event: 0.265 Loaded shared library C:\Users\Elena\.jdks\openjdk-20\bin\extnet.dll
Event: 0.279 Loaded shared library C:\Users\Elena\.jdks\openjdk-20\bin\management.dll
Event: 0.291 Loaded shared library C:\Users\Elena\.jdks\openjdk-20\bin\management_ext.dll
Event: 1.377 Loaded shared library C:\Users\Elena\.jdks\openjdk-20\bin\verify.dll
Event: 3.152 Loaded shared library C:\Users\Elena\.jdks\openjdk-20\bin\sunmscapi.dll

Deoptimization events (12 events):
Event: 0.414 Thread 0x0000020e72a4a600 DEOPT PACKING pc=0x0000020e7adbf35d sp=0x0000003a59dfcf40
Event: 0.414 Thread 0x0000020e72a4a600 DEOPT UNPACKING pc=0x0000020e7ab5a4c2 sp=0x0000003a59dfc3f0 mode 3
Event: 0.428 Thread 0x0000020e72a4a600 DEOPT PACKING pc=0x0000020e7aeefce0 sp=0x0000003a59dfcf10
Event: 0.428 Thread 0x0000020e72a4a600 DEOPT UNPACKING pc=0x0000020e7ab5a4c2 sp=0x0000003a59dfc3c8 mode 3
Event: 1.433 Thread 0x0000020e09092b60 DEOPT PACKING pc=0x0000020e7b13d9e1 sp=0x0000003a5bafd070
Event: 1.433 Thread 0x0000020e09092b60 DEOPT UNPACKING pc=0x0000020e7ab5a4c2 sp=0x0000003a5bafc550 mode 3
Event: 3.308 Thread 0x0000020e09092b60 DEOPT PACKING pc=0x0000020e7b409075 sp=0x0000003a5bafc2f0
Event: 3.308 Thread 0x0000020e09092b60 DEOPT UNPACKING pc=0x0000020e7ab5a4c2 sp=0x0000003a5bafb858 mode 3
Event: 6.841 Thread 0x0000020e09092b60 DEOPT PACKING pc=0x0000020e7b149a44 sp=0x0000003a5bafc050
Event: 6.841 Thread 0x0000020e09092b60 DEOPT UNPACKING pc=0x0000020e7ab5a4c2 sp=0x0000003a5bafb5a8 mode 0
Event: 7.265 Thread 0x0000020e09092b60 DEOPT PACKING pc=0x0000020e7b1564f1 sp=0x0000003a5bafaa60
Event: 7.265 Thread 0x0000020e09092b60 DEOPT UNPACKING pc=0x0000020e7ab5a4c2 sp=0x0000003a5baf9f68 mode 3

Classes loaded (20 events):
Event: 41.915 Loading class jdk/internal/access/JavaIOPrintWriterAccess done
Event: 41.915 Loading class java/io/PrintWriter$1 done
Event: 42.216 Loading class java/util/ArrayList$SubList$2
Event: 42.217 Loading class java/util/ArrayList$SubList$2 done
Event: 42.218 Loading class java/util/concurrent/locks/ReentrantReadWriteLock$Sync$HoldCounter
Event: 42.218 Loading class java/util/concurrent/locks/ReentrantReadWriteLock$Sync$HoldCounter done
Event: 42.226 Loading class java/time/format/DateTimeFormatterBuilder$ZoneTextPrinterParser
Event: 42.227 Loading class java/time/format/DateTimeFormatterBuilder$ZoneTextPrinterParser done
Event: 42.227 Loading class java/time/format/DateTimeFormatterBuilder$ReducedPrinterParser
Event: 42.227 Loading class java/time/format/DateTimeFormatterBuilder$ReducedPrinterParser done
Event: 42.253 Loading class java/util/OptionalLong
Event: 42.253 Loading class java/util/OptionalLong done
Event: 42.253 Loading class java/util/OptionalDouble
Event: 42.253 Loading class java/util/OptionalDouble done
Event: 42.277 Loading class java/util/stream/LongStream
Event: 42.277 Loading class java/util/stream/LongStream done
Event: 42.277 Loading class java/util/stream/DoubleStream
Event: 42.277 Loading class java/util/stream/DoubleStream done
Event: 42.305 Loading class sun/net/ConnectionResetException
Event: 42.305 Loading class sun/net/ConnectionResetException done

Classes unloaded (20 events):
Event: 47.618 Thread 0x0000020e7f792620 Unloading class 0x000000080113fc00 'java/lang/invoke/LambdaForm$MH+0x000000080113fc00'
Event: 47.618 Thread 0x0000020e7f792620 Unloading class 0x000000080113f800 'java/lang/invoke/LambdaForm$MH+0x000000080113f800'
Event: 47.618 Thread 0x0000020e7f792620 Unloading class 0x0000000801105000 'java/lang/invoke/LambdaForm$MH+0x0000000801105000'
Event: 47.618 Thread 0x0000020e7f792620 Unloading class 0x0000000801104400 'java/lang/invoke/LambdaForm$MH+0x0000000801104400'
Event: 47.618 Thread 0x0000020e7f792620 Unloading class 0x00000008010c2000 'java/lang/invoke/LambdaForm$MH+0x00000008010c2000'
Event: 47.618 Thread 0x0000020e7f792620 Unloading class 0x00000008010c1800 'jdk/internal/reflect/GeneratedSerializationConstructorAccessor3'
Event: 47.618 Thread 0x0000020e7f792620 Unloading class 0x00000008010c1400 'jdk/internal/reflect/GeneratedSerializationConstructorAccessor2'
Event: 47.618 Thread 0x0000020e7f792620 Unloading class 0x00000008010c1000 'jdk/internal/reflect/GeneratedSerializationConstructorAccessor1'
Event: 47.618 Thread 0x0000020e7f792620 Unloading class 0x00000008010c0000 'java/lang/invoke/LambdaForm$DMH+0x00000008010c0000'
Event: 47.618 Thread 0x0000020e7f792620 Unloading class 0x000000080100c400 'java/lang/invoke/LambdaForm$DMH+0x000000080100c400'
Event: 47.618 Thread 0x0000020e7f792620 Unloading class 0x000000080100bc00 'java/lang/invoke/LambdaForm$MH+0x000000080100bc00'
Event: 47.618 Thread 0x0000020e7f792620 Unloading class 0x000000080100b800 'java/lang/invoke/LambdaForm$DMH+0x000000080100b800'
Event: 47.618 Thread 0x0000020e7f792620 Unloading class 0x000000080100b400 'java/lang/invoke/LambdaForm$DMH+0x000000080100b400'
Event: 47.618 Thread 0x0000020e7f792620 Unloading class 0x0000000801009c00 'java/lang/invoke/LambdaForm$MH+0x0000000801009c00'
Event: 47.618 Thread 0x0000020e7f792620 Unloading class 0x0000000801006c00 'java/lang/invoke/LambdaForm$MH+0x0000000801006c00'
Event: 47.618 Thread 0x0000020e7f792620 Unloading class 0x0000000801006800 'java/lang/invoke/LambdaForm$MH+0x0000000801006800'
Event: 47.618 Thread 0x0000020e7f792620 Unloading class 0x0000000801002400 'java/lang/invoke/LambdaForm$MH+0x0000000801002400'
Event: 47.618 Thread 0x0000020e7f792620 Unloading class 0x0000000801002000 'java/lang/invoke/LambdaForm$MH+0x0000000801002000'
Event: 47.618 Thread 0x0000020e7f792620 Unloading class 0x0000000801001c00 'java/lang/invoke/LambdaForm$MH+0x0000000801001c00'
Event: 47.618 Thread 0x0000020e7f792620 Unloading class 0x0000000801001400 'java/lang/invoke/LambdaForm$MH+0x0000000801001400'

Classes redefined (0 events):
No events

Internal exceptions (20 events):
Event: 7.249 Thread 0x0000020e09092b60 Exception <a 'java/lang/NoSuchMethodError'{0x000000075174d450}: 'java.lang.Object java.lang.invoke.DirectMethodHandle$Holder.newInvokeSpecial(java.lang.Object, java.lang.Object, java.lang.Object, java.lang.Object, java.lang.Object, java.lang.Object, java.lang.Object, java.lang.Object)'> (0x000000075174d450) 
thrown [s\open\src\hotspot\share\interpreter\linkResolver.cpp, line 773]
Event: 7.590 Thread 0x0000020e09092b60 Exception <a 'java/lang/IncompatibleClassChangeError'{0x000000074b76ff18}: Found class java.lang.Object, but interface was expected> (0x000000074b76ff18) 
thrown [s\open\src\hotspot\share\interpreter\linkResolver.cpp, line 840]
Event: 7.796 Thread 0x0000020e09092b60 Exception <a 'java/lang/NoSuchMethodError'{0x000000075164a8a0}: 'void java.lang.invoke.DirectMethodHandle$Holder.invokeVirtual(java.lang.Object, java.lang.Object, long)'> (0x000000075164a8a0) 
thrown [s\open\src\hotspot\share\interpreter\linkResolver.cpp, line 773]
Event: 7.812 Thread 0x0000020e09092b60 Exception <a 'java/lang/NoSuchMethodError'{0x00000007517618d8}: 'java.lang.Object java.lang.invoke.DirectMethodHandle$Holder.invokeSpecial(java.lang.Object, java.lang.Object, int, int, int, int)'> (0x00000007517618d8) 
thrown [s\open\src\hotspot\share\interpreter\linkResolver.cpp, line 773]
Event: 7.872 Thread 0x0000020e09092b60 Exception <a 'java/lang/NoSuchMethodError'{0x000000074c4d8990}: 'int java.lang.invoke.DirectMethodHandle$Holder.invokeStaticInit(java.lang.Object, java.lang.Object, java.lang.Object, java.lang.Object)'> (0x000000074c4d8990) 
thrown [s\open\src\hotspot\share\interpreter\linkResolver.cpp, line 773]
Event: 8.234 Thread 0x0000020e09092b60 Exception <a 'java/lang/NoSuchMethodError'{0x000000074b9742e8}: 'java.lang.Object java.lang.invoke.DirectMethodHandle$Holder.newInvokeSpecial(java.lang.Object, java.lang.Object, int, java.lang.Object, java.lang.Object)'> (0x000000074b9742e8) 
thrown [s\open\src\hotspot\share\interpreter\linkResolver.cpp, line 773]
Event: 8.235 Thread 0x0000020e09092b60 Exception <a 'java/lang/NoSuchMethodError'{0x000000074b97f198}: 'java.lang.Object java.lang.invoke.DirectMethodHandle$Holder.invokeSpecial(java.lang.Object, java.lang.Object, int, java.lang.Object, int, java.lang.Object)'> (0x000000074b97f198) 
thrown [s\open\src\hotspot\share\interpreter\linkResolver.cpp, line 773]
Event: 8.236 Thread 0x0000020e09092b60 Exception <a 'java/lang/NoSuchMethodError'{0x000000074b986f68}: 'java.lang.Object java.lang.invoke.DirectMethodHandle$Holder.newInvokeSpecial(java.lang.Object, java.lang.Object, int, java.lang.Object, int)'> (0x000000074b986f68) 
thrown [s\open\src\hotspot\share\interpreter\linkResolver.cpp, line 773]
Event: 8.236 Thread 0x0000020e09092b60 Exception <a 'java/lang/NoSuchMethodError'{0x000000074b98add8}: 'java.lang.Object java.lang.invoke.DirectMethodHandle$Holder.invokeSpecial(java.lang.Object, java.lang.Object, java.lang.Object, int, java.lang.Object, int)'> (0x000000074b98add8) 
thrown [s\open\src\hotspot\share\interpreter\linkResolver.cpp, line 773]
Event: 8.306 Thread 0x0000020e09092b60 Exception <a 'java/lang/NoSuchMethodError'{0x00000007543ac650}: 'java.lang.Object java.lang.invoke.Invokers$Holder.linkToTargetMethod(java.lang.Object, int, java.lang.Object, java.lang.Object)'> (0x00000007543ac650) 
thrown [s\open\src\hotspot\share\interpreter\linkResolver.cpp, line 773]
Event: 8.314 Thread 0x0000020e09092b60 Exception <a 'java/lang/NoSuchMethodError'{0x00000007543fb810}: 'long java.lang.invoke.DelegatingMethodHandle$Holder.reinvoke_L(java.lang.Object, java.lang.Object)'> (0x00000007543fb810) 
thrown [s\open\src\hotspot\share\interpreter\linkResolver.cpp, line 773]
Event: 8.315 Thread 0x0000020e09092b60 Exception <a 'java/lang/NoSuchMethodError'{0x0000000751805958}: 'java.lang.Object java.lang.invoke.DirectMethodHandle$Holder.invokeInterface(java.lang.Object, java.lang.Object, java.lang.Object, java.lang.Object)'> (0x0000000751805958) 
thrown [s\open\src\hotspot\share\interpreter\linkResolver.cpp, line 773]
Event: 8.558 Thread 0x0000020e09092b60 Exception <a 'java/lang/NoSuchMethodError'{0x000000074bf88238}: 'int java.lang.invoke.DirectMethodHandle$Holder.invokeStatic(java.lang.Object)'> (0x000000074bf88238) 
thrown [s\open\src\hotspot\share\interpreter\linkResolver.cpp, line 773]
Event: 8.630 Thread 0x0000020e09092b60 Exception <a 'java/lang/IncompatibleClassChangeError'{0x000000074bb51740}: Found class java.lang.Object, but interface was expected> (0x000000074bb51740) 
thrown [s\open\src\hotspot\share\interpreter\linkResolver.cpp, line 840]
Event: 9.298 Thread 0x0000020e0ade7ab0 Exception <a 'java/lang/NoSuchMethodError'{0x00000007518bddd0}: 'java.lang.Object java.lang.invoke.DirectMethodHandle$Holder.invokeInterface(java.lang.Object, java.lang.Object, java.lang.Object, java.lang.Object, java.lang.Object, java.lang.Object, java.lang.Object)'> (0x00000007518bddd0) 
thrown [s\open\src\hotspot\share\interpreter\linkResolver.cpp, line 773]
Event: 41.408 Thread 0x0000020e0ade15c0 Exception <a 'java/lang/NoSuchMethodError'{0x00000007517a6980}: 'java.lang.Object java.lang.invoke.DirectMethodHandle$Holder.invokeSpecial(java.lang.Object, java.lang.Object, java.lang.Object, java.lang.Object, java.lang.Object, long)'> (0x00000007517a6980) 
thrown [s\open\src\hotspot\share\interpreter\linkResolver.cpp, line 773]
Event: 41.409 Thread 0x0000020e0ade15c0 Exception <a 'java/lang/NoSuchMethodError'{0x00000007517aa150}: 'java.lang.Object java.lang.invoke.Invokers$Holder.linkToTargetMethod(java.lang.Object, java.lang.Object, java.lang.Object, long, java.lang.Object)'> (0x00000007517aa150) 
thrown [s\open\src\hotspot\share\interpreter\linkResolver.cpp, line 773]
Event: 42.216 Thread 0x0000020e0ade1b10 Exception <a 'java/lang/NoSuchMethodError'{0x000000074c3f27e8}: 'java.lang.Object java.lang.invoke.DirectMethodHandle$Holder.invokeStatic(java.lang.Object, int, int)'> (0x000000074c3f27e8) 
thrown [s\open\src\hotspot\share\interpreter\linkResolver.cpp, line 773]
Event: 42.305 Thread 0x0000020e0ade6570 Exception <a 'java/io/IOException'{0x000000074bf24810}> (0x000000074bf24810) 
thrown [s\open\src\hotspot\share\prims\jni.cpp, line 519]
Event: 43.480 Thread 0x0000020e0ade05d0 Exception <a 'java/lang/NoSuchMethodError'{0x000000074bd5b820}: 'void java.lang.invoke.Invokers$Holder.invokeExact_MT(java.lang.Object, java.lang.Object, int, java.lang.Object)'> (0x000000074bd5b820) 
thrown [s\open\src\hotspot\share\interpreter\linkResolver.cpp, line 773]

VM Operations (20 events):
Event: 233.893 Executing VM operation: Cleanup
Event: 233.893 Executing VM operation: Cleanup done
Event: 283.273 Executing VM operation: Cleanup
Event: 283.273 Executing VM operation: Cleanup done
Event: 301.429 Executing VM operation: Cleanup
Event: 301.430 Executing VM operation: Cleanup done
Event: 316.533 Executing VM operation: Cleanup
Event: 316.533 Executing VM operation: Cleanup done
Event: 340.431 Executing VM operation: G1CollectForAllocation
Event: 340.435 Executing VM operation: G1CollectForAllocation done
Event: 374.704 Executing VM operation: Cleanup
Event: 374.704 Executing VM operation: Cleanup done
Event: 375.706 Executing VM operation: Cleanup
Event: 375.706 Executing VM operation: Cleanup done
Event: 654.195 Executing VM operation: Cleanup
Event: 654.195 Executing VM operation: Cleanup done
Event: 1100.679 Executing VM operation: Cleanup
Event: 1100.679 Executing VM operation: Cleanup done
Event: 1114.302 Executing VM operation: G1CollectForAllocation
Event: 1114.305 Executing VM operation: G1CollectForAllocation done

Events (20 events):
Event: 47.627 Thread 0x0000020e7f792620 flushing nmethod 0x0000020e7ac1f790
Event: 47.627 Thread 0x0000020e7f792620 flushing nmethod 0x0000020e7ac40d90
Event: 47.627 Thread 0x0000020e7f792620 flushing nmethod 0x0000020e7ac40a90
Event: 47.627 Thread 0x0000020e7f792620 flushing nmethod 0x0000020e7ac1e990
Event: 47.628 Thread 0x0000020e7f792620 flushing nmethod 0x0000020e7ac27610
Event: 47.628 Thread 0x0000020e7f792620 flushing nmethod 0x0000020e7ac18990
Event: 47.628 Thread 0x0000020e7f792620 flushing nmethod 0x0000020e7ac1c410
Event: 50.270 Thread 0x0000020e0a85da80 Thread exited: 0x0000020e0a85da80
Event: 50.397 Thread 0x0000020e0bba26b0 Thread added: 0x0000020e0bba26b0
Event: 50.397 Thread 0x0000020e0bba1b90 Thread added: 0x0000020e0bba1b90
Event: 50.397 Thread 0x0000020e0bba4280 Thread added: 0x0000020e0bba4280
Event: 52.268 Thread 0x0000020e0bba4280 Thread exited: 0x0000020e0bba4280
Event: 53.391 Thread 0x0000020e0bba1b90 Thread exited: 0x0000020e0bba1b90
Event: 54.717 Thread 0x0000020e0bba26b0 Thread exited: 0x0000020e0bba26b0
Event: 72.871 Thread 0x0000020e0bba3cf0 Thread added: 0x0000020e0bba3cf0
Event: 79.952 Thread 0x0000020e0bba3cf0 Thread exited: 0x0000020e0bba3cf0
Event: 91.134 Thread 0x0000020e09090630 Thread exited: 0x0000020e09090630
Event: 95.233 Thread 0x0000020e0ade7ab0 Thread exited: 0x0000020e0ade7ab0
Event: 300.587 Thread 0x0000020e0ade4590 Thread added: 0x0000020e0ade4590
Event: 375.598 Thread 0x0000020e0ade4590 Thread exited: 0x0000020e0ade4590


Dynamic libraries:
0x00007ff779860000 - 0x00007ff77986e000 	C:\Users\Elena\.jdks\openjdk-20\bin\java.exe
0x00007ff845530000 - 0x00007ff845744000 	C:\Windows\SYSTEM32\ntdll.dll
0x00007ff844870000 - 0x00007ff844933000 	C:\Windows\System32\KERNEL32.DLL
0x00007ff842fa0000 - 0x00007ff84333c000 	C:\Windows\System32\KERNELBASE.dll
0x00007ff842ae0000 - 0x00007ff842bf1000 	C:\Windows\System32\ucrtbase.dll
0x00007ff82d850000 - 0x00007ff82d86b000 	C:\Users\Elena\.jdks\openjdk-20\bin\VCRUNTIME140.dll
0x00007ff82cdb0000 - 0x00007ff82cdc7000 	C:\Users\Elena\.jdks\openjdk-20\bin\jli.dll
0x00007ff8440a0000 - 0x00007ff84424d000 	C:\Windows\System32\USER32.dll
0x00007ff8363e0000 - 0x00007ff83666e000 	C:\Windows\WinSxS\amd64_microsoft.windows.common-controls_6595b64144ccf1df_6.0.22621.608_none_a9444ca7c10bb01d\COMCTL32.dll
0x00007ff842d60000 - 0x00007ff842d86000 	C:\Windows\System32\win32u.dll
0x00007ff845440000 - 0x00007ff8454e7000 	C:\Windows\System32\msvcrt.dll
0x00007ff844a70000 - 0x00007ff844a99000 	C:\Windows\System32\GDI32.dll
0x00007ff842e10000 - 0x00007ff842f23000 	C:\Windows\System32\gdi32full.dll
0x00007ff842c00000 - 0x00007ff842c9a000 	C:\Windows\System32\msvcp_win.dll
0x00007ff844aa0000 - 0x00007ff844ad1000 	C:\Windows\System32\IMM32.DLL
0x00007ff831a40000 - 0x00007ff831a4c000 	C:\Users\Elena\.jdks\openjdk-20\bin\vcruntime140_1.dll
0x00007ff826580000 - 0x00007ff82660e000 	C:\Users\Elena\.jdks\openjdk-20\bin\msvcp140.dll
0x00007ffff87f0000 - 0x00007ffff9487000 	C:\Users\Elena\.jdks\openjdk-20\bin\server\jvm.dll
0x00007ff844300000 - 0x00007ff8443ae000 	C:\Windows\System32\ADVAPI32.dll
0x00007ff844250000 - 0x00007ff8442f4000 	C:\Windows\System32\sechost.dll
0x00007ff844c30000 - 0x00007ff844d45000 	C:\Windows\System32\RPCRT4.dll
0x00007ff839e50000 - 0x00007ff839e84000 	C:\Windows\SYSTEM32\WINMM.dll
0x00007ff83a010000 - 0x00007ff83a01a000 	C:\Windows\SYSTEM32\VERSION.dll
0x00007ff83fb00000 - 0x00007ff83fb09000 	C:\Windows\SYSTEM32\WSOCK32.dll
0x00007ff8453c0000 - 0x00007ff845431000 	C:\Windows\System32\WS2_32.dll
0x00007ff8419c0000 - 0x00007ff8419d8000 	C:\Windows\SYSTEM32\kernel.appcore.dll
0x00007ff8311a0000 - 0x00007ff8311aa000 	C:\Users\Elena\.jdks\openjdk-20\bin\jimage.dll
0x00007ff8326e0000 - 0x00007ff83290e000 	C:\Windows\SYSTEM32\DBGHELP.DLL
0x00007ff843340000 - 0x00007ff8436c9000 	C:\Windows\System32\combase.dll
0x00007ff8452e0000 - 0x00007ff8453b7000 	C:\Windows\System32\OLEAUT32.dll
0x00007ff832600000 - 0x00007ff832632000 	C:\Windows\SYSTEM32\dbgcore.DLL
0x00007ff842d90000 - 0x00007ff842e0b000 	C:\Windows\System32\bcryptPrimitives.dll
0x00007ff83ee30000 - 0x00007ff83ee3e000 	C:\Users\Elena\.jdks\openjdk-20\bin\instrument.dll
0x00007ff82bf50000 - 0x00007ff82bf76000 	C:\Users\Elena\.jdks\openjdk-20\bin\java.dll
0x00007ff8233a0000 - 0x00007ff823477000 	C:\Users\Elena\.jdks\openjdk-20\bin\jsvml.dll
0x00007ff8438b0000 - 0x00007ff8440a0000 	C:\Windows\System32\SHELL32.dll
0x00007ff840980000 - 0x00007ff84124e000 	C:\Windows\SYSTEM32\windows.storage.dll
0x00007ff840840000 - 0x00007ff84097e000 	C:\Windows\SYSTEM32\wintypes.dll
0x00007ff844640000 - 0x00007ff844731000 	C:\Windows\System32\SHCORE.dll
0x00007ff844740000 - 0x00007ff84479e000 	C:\Windows\System32\shlwapi.dll
0x00007ff8428a0000 - 0x00007ff8428c1000 	C:\Windows\SYSTEM32\profapi.dll
0x00007ff826fa0000 - 0x00007ff826fb8000 	C:\Users\Elena\.jdks\openjdk-20\bin\zip.dll
0x00007ff829db0000 - 0x00007ff829dc3000 	C:\Users\Elena\.jdks\openjdk-20\bin\net.dll
0x00007ff83c570000 - 0x00007ff83c69f000 	C:\Windows\SYSTEM32\WINHTTP.dll
0x00007ff841e30000 - 0x00007ff841e99000 	C:\Windows\system32\mswsock.dll
0x00007ff8277d0000 - 0x00007ff8277e6000 	C:\Users\Elena\.jdks\openjdk-20\bin\nio.dll
0x00007ff83e960000 - 0x00007ff83e97a000 	C:\Program Files\JetBrains\IntelliJ IDEA 2023.1\bin\breakgen64.dll
0x00007ff839a10000 - 0x00007ff839a17000 	C:\Users\Elena\.jdks\openjdk-20\bin\extnet.dll
0x00007ff841510000 - 0x00007ff841603000 	C:\Windows\SYSTEM32\DNSAPI.dll
0x00007ff8414a0000 - 0x00007ff8414cd000 	C:\Windows\SYSTEM32\IPHLPAPI.DLL
0x00007ff844a60000 - 0x00007ff844a69000 	C:\Windows\System32\NSI.dll
0x00007ff835650000 - 0x00007ff83565a000 	C:\Windows\System32\rasadhlp.dll
0x00007ff83b8c0000 - 0x00007ff83b943000 	C:\Windows\System32\fwpuclnt.dll
0x00007ff83fd10000 - 0x00007ff83fd1a000 	C:\Users\Elena\.jdks\openjdk-20\bin\management.dll
0x00007ff83fca0000 - 0x00007ff83fcab000 	C:\Users\Elena\.jdks\openjdk-20\bin\management_ext.dll
0x00007ff8436d0000 - 0x00007ff8436d8000 	C:\Windows\System32\PSAPI.DLL
0x00007ff842100000 - 0x00007ff84211b000 	C:\Windows\SYSTEM32\CRYPTSP.dll
0x00007ff841930000 - 0x00007ff841965000 	C:\Windows\system32\rsaenh.dll
0x00007ff841f30000 - 0x00007ff841f58000 	C:\Windows\SYSTEM32\USERENV.dll
0x00007ff8422f0000 - 0x00007ff842318000 	C:\Windows\SYSTEM32\bcrypt.dll
0x00007ff842120000 - 0x00007ff84212c000 	C:\Windows\SYSTEM32\CRYPTBASE.dll
0x00007ff83c550000 - 0x00007ff83c569000 	C:\Windows\SYSTEM32\dhcpcsvc6.DLL
0x00007ff83c530000 - 0x00007ff83c54f000 	C:\Windows\SYSTEM32\dhcpcsvc.DLL
0x00007ff827880000 - 0x00007ff827897000 	C:\Windows\system32\napinsp.dll
0x00007ff8198f0000 - 0x00007ff81990b000 	C:\Windows\system32\pnrpnsp.dll
0x00007ff8198d0000 - 0x00007ff8198e1000 	C:\Windows\System32\winrnr.dll
0x00007ff82b930000 - 0x00007ff82b945000 	C:\Windows\system32\wshbth.dll
0x00007ff80efd0000 - 0x00007ff80eff1000 	C:\Windows\system32\nlansp_c.dll
0x00007ff836820000 - 0x00007ff836830000 	C:\Users\Elena\.jdks\openjdk-20\bin\verify.dll
0x00007ff83e9f0000 - 0x00007ff83e9fe000 	C:\Users\Elena\.jdks\openjdk-20\bin\sunmscapi.dll
0x00007ff842970000 - 0x00007ff842ad6000 	C:\Windows\System32\CRYPT32.dll
0x00007ff8422c0000 - 0x00007ff8422ed000 	C:\Windows\SYSTEM32\ncrypt.dll
0x00007ff842260000 - 0x00007ff842297000 	C:\Windows\SYSTEM32\NTASN1.dll
0x00007ff8377a0000 - 0x00007ff8377a8000 	C:\Windows\system32\wshunix.dll

dbghelp: loaded successfully - version: 4.0.5 - missing functions: none
symbol engine: initialized successfully - sym options: 0x614 - pdb path: .;C:\Users\Elena\.jdks\openjdk-20\bin;C:\Windows\SYSTEM32;C:\Windows\WinSxS\amd64_microsoft.windows.common-controls_6595b64144ccf1df_6.0.22621.608_none_a9444ca7c10bb01d;C:\Users\Elena\.jdks\openjdk-20\bin\server;C:\Program Files\JetBrains\IntelliJ IDEA 2023.1\bin

VM Arguments:
jvm_args: -XX:TieredStopAtLevel=1 -Dspring.output.ansi.enabled=always -Dcom.sun.management.jmxremote -Dspring.jmx.enabled=true -Dspring.liveBeansView.mbeanDomain -Dspring.application.admin.enabled=true -Dmanagement.endpoints.jmx.exposure.include=* -javaagent:C:\Program Files\JetBrains\IntelliJ IDEA 2023.1\lib\idea_rt.jar=28628:C:\Program Files\JetBrains\IntelliJ IDEA 2023.1\bin -Dfile.encoding=UTF-8 -Dsun.stdout.encoding=UTF-8 -Dsun.stderr.encoding=UTF-8 
java_command: com.awbd5.awbd5.Awbd5Application
java_class_path (initial): C:\Users\Elena\Documents\AWBD\awbd5\target\classes;C:\Users\Elena\.m2\repository\org\springframework\boot\spring-boot-starter-security\3.0.5\spring-boot-starter-security-3.0.5.jar;C:\Users\Elena\.m2\repository\org\springframework\boot\spring-boot-starter\3.0.5\spring-boot-starter-3.0.5.jar;C:\Users\Elena\.m2\repository\org\springframework\boot\spring-boot-starter-logging\3.0.5\spring-boot-starter-logging-3.0.5.jar;C:\Users\Elena\.m2\repository\ch\qos\logback\logback-classic\1.4.6\logback-classic-1.4.6.jar;C:\Users\Elena\.m2\repository\ch\qos\logback\logback-core\1.4.6\logback-core-1.4.6.jar;C:\Users\Elena\.m2\repository\org\apache\logging\log4j\log4j-to-slf4j\2.19.0\log4j-to-slf4j-2.19.0.jar;C:\Users\Elena\.m2\repository\org\apache\logging\log4j\log4j-api\2.19.0\log4j-api-2.19.0.jar;C:\Users\Elena\.m2\repository\org\slf4j\jul-to-slf4j\2.0.7\jul-to-slf4j-2.0.7.jar;C:\Users\Elena\.m2\repository\org\yaml\snakeyaml\1.33\snakeyaml-1.33.jar;C:\Users\Elena\.m2\repository\org\springframework\spring-aop\6.0.7\spring-aop-6.0.7.jar;C:\Users\Elena\.m2\repository\org\springframework\security\spring-security-config\6.0.2\spring-security-config-6.0.2.jar;C:\Users\Elena\.m2\repository\org\springframework\security\spring-security-web\6.0.2\spring-security-web-6.0.2.jar;C:\Users\Elena\.m2\repository\org\springframework\spring-expression\6.0.7\spring-expression-6.0.7.jar;C:\Users\Elena\.m2\repository\org\springframework\boot\spring-boot-starter-web\3.0.5\spring-boot-starter-web-3.0.5.jar;C:\Users\Elena\.m2\repository\org\springframework\boot\spring-boot-starter-json\3.0.5\spring-boot-starter-json-3.0.5.jar;C:\Users\Elena\.m2\repository\com\fasterxml\jackson\core\jackson-databind\2.14.2\jackson-databind-2.14.2.jar;C:\Users\Elena\.m2\repository\com\fasterxml\jackson\core\jackson-annotations\2.14.2\jackson-annotations-2.14.2.jar;C:\Users\Elena\.m2\repository\com\fasterxml\jackson\core\jackson-core\2.14.2\jackson-core-2.14.2.jar;C:\Users\Elena\.m2\repository\com\fasterxml\jackson\datatype\jackson-datatype-jdk8\2.14.2\jackson-datatype-jdk8-2.14.2.jar;C:\Users\Elena\.m2\repository\com\fasterxml\jackson\datatype\jackson-datatype-jsr310\2.14.2\jackson-datatype-jsr310-2.14.2.jar;C:\Users\Elena\.m2\repository\com\fasterxml\jackson\module\jackson-module-parameter-names\2.14.2\jackson-module-parameter-names-2.14.2.jar;C:\Users\Elena\.m2\repository\org\springframework\boot\spring-boot-starter-tomcat\3.0.5\spring-boot-starter-tomcat-3.0.5.jar;C:\Users\Elena\.m2\repository\org\apache\tomcat\embed\tomcat-embed-core\10.1.7\tomcat-embed-core-10.1.7.jar;C:\Users\Elena\.m2\repository\org\apache\tomcat\embed\tomcat-embed-el\10.1.7\tomcat-embed-el-10.1.7.jar;C:\Users\Elena\.m2\repository\org\apache\tomcat\embed\tomcat-embed-websocket\10.1.7\tomcat-embed-websocket-10.1.7.jar;C:\Users\Elena\.m2\repository\org\springframework\spring-web\6.0.7\spring-web-6.0.7.jar;C:\Users\Elena\.m2\repository\io\micrometer\micrometer-observation\1.10.5\micrometer-observation-1.10.5.jar;C:\Users\Elena\.m2\repository\io\micrometer\micrometer-commons\1.10.5\micrometer-commons-1.10.5.jar;C:\Users\Elena\.m2\repository\org\springframework\spring-webmvc\6.0.7\spring-webmvc-6.0.7.jar;C:\Users\Elena\.m2\repository\org\springframework\boot\spring-boot-starter-thymeleaf\3.0.5\spring-boot-starter-thymeleaf-3.0.5.jar;C:\Users\Elena\.m2\repository\org\thymeleaf\thymeleaf-spring6\3.1.1.RELEASE\thymeleaf-spring6-3.1.1.RELEASE.jar;C:\Users\Elena\.m2\repository\org\thymeleaf\thymeleaf\3.1.1.RELEASE\thymeleaf-3.1.1.RELEASE.jar;C:\Users\Elena\.m2\repository\org\attoparser\attoparser\2.0.6.RELEASE\attoparser-2.0.6.RELEASE.jar;C:\Users\Elena\.m2\repository\org\unbescape\unbescape\1.1.6.RELEASE\unbescape-1.1.6.RELEASE.jar;C:\Users\Elena\.m2\repository\org\springframework\boot\spring-boot-devtools\3.0.5\spring-boot-devtools-3.0.5.jar;C:\Users\Elena\.m2\repository\org\springframework\boot\spring-boot\3.0.5\spring-boot-3.0.5.jar;C:\Users\Elena\.m2\repository\org\springframework\boot\spring-boot-autoconfigure\3.0.5\spring-boot-autoconfigure-3.0.5.jar;C:\Users\Elena\.m2\repository\org\webjars\bootstrap\4.5.0\bootstrap-4.5.0.jar;C:\Users\Elena\.m2\repository\org\webjars\popper.js\1.16.0\popper.js-1.16.0.jar;C:\Users\Elena\.m2\repository\org\webjars\jquery\3.5.1\jquery-3.5.1.jar;C:\Users\Elena\.m2\repository\com\mysql\mysql-connector-j\8.0.32\mysql-connector-j-8.0.32.jar;C:\Users\Elena\.m2\repository\org\springframework\boot\spring-boot-configuration-processor\3.0.5\spring-boot-configuration-processor-3.0.5.jar;C:\Users\Elena\.m2\repository\org\projectlombok\lombok\1.18.26\lombok-1.18.26.jar;C:\Users\Elena\.m2\repository\jakarta\xml\bind\jakarta.xml.bind-api\4.0.0\jakarta.xml.bind-api-4.0.0.jar;C:\Users\Elena\.m2\repository\jakarta\activation\jakarta.activation-api\2.1.1\jakarta.activation-api-2.1.1.jar;C:\Users\Elena\.m2\repository\net\bytebuddy\byte-buddy\1.12.23\byte-buddy-1.12.23.jar;C:\Users\Elena\.m2\repository\org\springframework\spring-core\6.0.7\spring-core-6.0.7.jar;C:\Users\Elena\.m2\repository\org\springframework\spring-jcl\6.0.7\spring-jcl-6.0.7.jar;C:\Users\Elena\.m2\repository\org\springframework\security\spring-security-core\6.0.2\spring-security-core-6.0.2.jar;C:\Users\Elena\.m2\repository\org\springframework\security\spring-security-crypto\6.0.2\spring-security-crypto-6.0.2.jar;C:\Users\Elena\.m2\repository\org\springframework\data\spring-data-jpa\3.0.4\spring-data-jpa-3.0.4.jar;C:\Users\Elena\.m2\repository\org\springframework\data\spring-data-commons\3.0.4\spring-data-commons-3.0.4.jar;C:\Users\Elena\.m2\repository\org\springframework\spring-orm\6.0.7\spring-orm-6.0.7.jar;C:\Users\Elena\.m2\repository\org\springframework\spring-jdbc\6.0.7\spring-jdbc-6.0.7.jar;C:\Users\Elena\.m2\repository\org\springframework\spring-context\6.0.7\spring-context-6.0.7.jar;C:\Users\Elena\.m2\repository\org\springframework\spring-tx\6.0.7\spring-tx-6.0.7.jar;C:\Users\Elena\.m2\repository\org\springframework\spring-beans\6.0.7\spring-beans-6.0.7.jar;C:\Users\Elena\.m2\repository\jakarta\annotation\jakarta.annotation-api\2.1.1\jakarta.annotation-api-2.1.1.jar;C:\Users\Elena\.m2\repository\org\slf4j\slf4j-api\2.0.7\slf4j-api-2.0.7.jar;C:\Users\Elena\.m2\repository\org\springframework\boot\spring-boot-starter-data-jpa\3.0.5\spring-boot-starter-data-jpa-3.0.5.jar;C:\Users\Elena\.m2\repository\org\springframework\boot\spring-boot-starter-aop\3.0.5\spring-boot-starter-aop-3.0.5.jar;C:\Users\Elena\.m2\repository\org\aspectj\aspectjweaver\1.9.19\aspectjweaver-1.9.19.jar;C:\Users\Elena\.m2\repository\org\springframework\boot\spring-boot-starter-jdbc\3.0.5\spring-boot-starter-jdbc-3.0.5.jar;C:\Users\Elena\.m2\repository\com\zaxxer\HikariCP\5.0.1\HikariCP-5.0.1.jar;C:\Users\Elena\.m2\repository\org\hibernate\orm\hibernate-core\6.1.7.Final\hibernate-core-6.1.7.Final.jar;C:\Users\Elena\.m2\repository\jakarta\transaction\jakarta.transaction-api\2.0.1\jakarta.transaction-api-2.0.1.jar;C:\Users\Elena\.m2\repository\org\jboss\logging\jboss-logging\3.5.0.Final\jboss-logging-3.5.0.Final.jar;C:\Users\Elena\.m2\repository\org\hibernate\common\hibernate-commons-annotations\6.0.6.Final\hibernate-commons-annotations-6.0.6.Final.jar;C:\Users\Elena\.m2\repository\org\jboss\jandex\2.4.2.Final\jandex-2.4.2.Final.jar;C:\Users\Elena\.m2\repository\com\fasterxml\classmate\1.5.1\classmate-1.5.1.jar;C:\Users\Elena\.m2\repository\org\glassfish\jaxb\jaxb-runtime\4.0.2\jaxb-runtime-4.0.2.jar;C:\Users\Elena\.m2\repository\org\glassfish\jaxb\jaxb-core\4.0.2\jaxb-core-4.0.2.jar;C:\Users\Elena\.m2\repository\org\eclipse\angus\angus-activation\2.0.0\angus-activation-2.0.0.jar;C:\Users\Elena\.m2\repository\org\glassfish\jaxb\txw2\4.0.2\txw2-4.0.2.jar;C:\Users\Elena\.m2\repository\com\sun\istack\istack-commons-runtime\4.1.1\istack-commons-runtime-4.1.1.jar;C:\Users\Elena\.m2\repository\jakarta\inject\jakarta.inject-api\2.0.0\jakarta.inject-api-2.0.0.jar;C:\Users\Elena\.m2\repository\org\antlr\antlr4-runtime\4.10.1\antlr4-runtime-4.10.1.jar;C:\Users\Elena\.m2\repository\org\springframework\spring-aspects\6.0.7\spring-aspects-6.0.7.jar;C:\Users\Elena\.m2\repository\jakarta\persistence\jakarta.persistence-api\3.1.0\jakarta.persistence-api-3.1.0.jar;C:\Users\Elena\.m2\repository\org\junit\jupiter\junit-jupiter-params\5.9.2\junit-jupiter-params-5.9.2.jar;C:\Users\Elena\.m2\repository\org\junit\jupiter\junit-jupiter-api\5.9.2\junit-jupiter-api-5.9.2.jar;C:\Users\Elena\.m2\repository\org\opentest4j\opentest4j\1.2.0\opentest4j-1.2.0.jar;C:\Users\Elena\.m2\repository\org\junit\platform\junit-platform-commons\1.9.2\junit-platform-commons-1.9.2.jar;C:\Users\Elena\.m2\repository\org\apiguardian\apiguardian-api\1.1.2\apiguardian-api-1.1.2.jar;C:\Users\Elena\.m2\repository\jakarta\validation\jakarta.validation-api\3.0.2\jakarta.validation-api-3.0.2.jar;C:\Users\Elena\.m2\repository\org\hibernate\javax\persistence\hibernate-jpa-2.1-api\1.0.0.Final\hibernate-jpa-2.1-api-1.0.0.Final.jar
Launcher Type: SUN_STANDARD

[Global flags]
     intx CICompilerCount                          = 4                                         {product} {ergonomic}
     uint ConcGCThreads                            = 2                                         {product} {ergonomic}
     uint G1ConcRefinementThreads                  = 8                                         {product} {ergonomic}
   size_t G1HeapRegionSize                         = 2097152                                   {product} {ergonomic}
    uintx GCDrainStackTargetSize                   = 64                                        {product} {ergonomic}
   size_t InitialHeapSize                          = 192937984                                 {product} {ergonomic}
     bool ManagementServer                         = true                                      {product} {command line}
   size_t MarkStackSize                            = 4194304                                   {product} {ergonomic}
   size_t MaxHeapSize                              = 3074424832                                {product} {ergonomic}
   size_t MaxNewSize                               = 1843396608                                {product} {ergonomic}
   size_t MinHeapDeltaBytes                        = 2097152                                   {product} {ergonomic}
   size_t MinHeapSize                              = 8388608                                   {product} {ergonomic}
    uintx NonProfiledCodeHeapSize                  = 0                                      {pd product} {ergonomic}
     bool ProfileInterpreter                       = false                                  {pd product} {command line}
    uintx ProfiledCodeHeapSize                     = 0                                      {pd product} {ergonomic}
   size_t SoftMaxHeapSize                          = 3074424832                             {manageable} {ergonomic}
     intx TieredStopAtLevel                        = 1                                         {product} {command line}
     bool UseCompressedClassPointers               = true                           {product lp64_product} {ergonomic}
     bool UseCompressedOops                        = true                           {product lp64_product} {ergonomic}
     bool UseG1GC                                  = true                                      {product} {ergonomic}
     bool UseLargePagesIndividualAllocation        = false                                  {pd product} {ergonomic}

Logging:
Log output configuration:
 #0: stdout all=warning uptime,level,tags foldmultilines=false
 #1: stderr all=off uptime,level,tags foldmultilines=false

Environment Variables:
PATH=C:\Program Files\Common Files\Oracle\Java\javapath;C:\Program Files (x86)\VMware\VMware Workstation\bin\;C:\Windows\system32;C:\Windows;C:\Windows\System32\Wbem;C:\Windows\System32\WindowsPowerShell\v1.0\;C:\Windows\System32\OpenSSH\;C:\Program Files\dotnet\;C:\Program Files\Meld\;C:\Program Files\MySQL\MySQL Shell 8.0\bin\;C:\Users\Elena\AppData\Local\Microsoft\WindowsApps;C:\Program Files (x86)\Nmap
USERNAME=Elena
OS=Windows_NT
PROCESSOR_IDENTIFIER=Intel64 Family 6 Model 58 Stepping 9, GenuineIntel
TMP=C:\Users\Elena\AppData\Local\Temp
TEMP=C:\Users\Elena\AppData\Local\Temp




---------------  S Y S T E M  ---------------

OS:
 Windows 11 , 64 bit Build 22621 (10.0.22621.1344)
OS uptime: 6 days 9:39 hours

CPU: total 8 (initial active 8) (4 cores per cpu, 2 threads per core) family 6 model 58 stepping 9 microcode 0x21, cx8, cmov, fxsr, ht, mmx, sse, sse2, sse3, ssse3, sse4.1, sse4.2, popcnt, tsc, tscinvbit, avx, aes, erms, clmul, vzeroupper, clflush, rdtscp, f16c

Memory: 4k page, system-wide physical 11725M (3132M free)
TotalPageFile size 14541M (AvailPageFile size 1922M)
current process WorkingSet (physical memory assigned to process): 229M, peak: 229M
current process commit charge ("private bytes"): 271M, peak: 302M

vm_info: OpenJDK 64-Bit Server VM (20+36-2344) for windows-amd64 JRE (20+36-2344), built on 2023-02-10T19:30:15Z by "mach5one" with MS VC++ 17.1 (VS2022)

END.
